0 info it worked if it ends with ok
1 verbose cli [ 'D:\\Program Files\\nodejs\\node.exe',
1 verbose cli   'D:\\Program Files\\nodejs\\node_modules\\npm\\bin\\npm-cli.js',
1 verbose cli   'start' ]
2 info using npm@3.10.10
3 info using node@v6.11.2
4 verbose run-script [ 'prestart', 'start', 'poststart' ]
5 info lifecycle fse-chatroom@0.0.0~prestart: fse-chatroom@0.0.0
6 silly lifecycle fse-chatroom@0.0.0~prestart: no script for prestart, continuing
7 info lifecycle fse-chatroom@0.0.0~start: fse-chatroom@0.0.0
8 verbose lifecycle fse-chatroom@0.0.0~start: unsafe-perm in lifecycle true
9 verbose lifecycle fse-chatroom@0.0.0~start: PATH: D:\Program Files\nodejs\node_modules\npm\bin\node-gyp-bin;D:\Program Files\nodejs\FSE_chatroom\node_modules\.bin;C:\Program Files\Java\jdk1.8.0_60\bin;C:\Program Files\Java\jdk1.8.0_60\jre\bin;C:\windows\system32;C:\windows;C:\windows\system32\wbem;C:\Program Files (x86)\Windows Kits\8.1\Windows Performance Toolkit\;C:\Program Files (x86)\Microsoft SDKs\TypeScript\1.0\;F:\CTEX\UserData\miktex\bin;F:\CTEX\MiKTeX\miktex\bin;F:\CTEX\CTeX\ctex\bin;F:\CTEX\CTeX\cct\bin;F:\CTEX\CTeX\ty\bin;F:\CTEX\Ghostscript\gs9.05\bin;F:\CTEX\GSview\gsview;F:\CTEX\WinEdt;E:\mysql-5.6.17-winx64\bin;E:\spark-1.6.2-bin-hadoop2.6\bin;%HADOOP_HOME%\bin;D:\Program Files (x86)\CodeBlocks\MinGW\bin;D:\Program Files\nodejs\;C:\Program Files\PuTTY\;D:\Users\lxy2015\Anaconda2;D:\Users\lxy2015\Anaconda2\Scripts;D:\Users\lxy2015\Anaconda2\Library\bin;C:\Users\lxy2015\AppData\Roaming\npm
10 verbose lifecycle fse-chatroom@0.0.0~start: CWD: D:\Program Files\nodejs\FSE_chatroom
11 silly lifecycle fse-chatroom@0.0.0~start: Args: [ '/d /s /c', 'node ./bin/www' ]
12 silly lifecycle fse-chatroom@0.0.0~start: Returned: code: 3221225786  signal: null
13 info lifecycle fse-chatroom@0.0.0~start: Failed to exec start script
14 verbose stack Error: fse-chatroom@0.0.0 start: `node ./bin/www`
14 verbose stack Exit status 3221225786
14 verbose stack     at EventEmitter.<anonymous> (D:\Program Files\nodejs\node_modules\npm\lib\utils\lifecycle.js:255:16)
14 verbose stack     at emitTwo (events.js:106:13)
14 verbose stack     at EventEmitter.emit (events.js:191:7)
14 verbose stack     at ChildProcess.<anonymous> (D:\Program Files\nodejs\node_modules\npm\lib\utils\spawn.js:40:14)
14 verbose stack     at emitTwo (events.js:106:13)
14 verbose stack     at ChildProcess.emit (events.js:191:7)
14 verbose stack     at maybeClose (internal/child_process.js:891:16)
14 verbose stack     at Process.ChildProcess._handle.onexit (internal/child_process.js:226:5)
15 verbose pkgid fse-chatroom@0.0.0
16 verbose cwd D:\Program Files\nodejs\FSE_chatroom
17 error Windows_NT 6.3.9600
18 error argv "D:\\Program Files\\nodejs\\node.exe" "D:\\Program Files\\nodejs\\node_modules\\npm\\bin\\npm-cli.js" "start"
19 error node v6.11.2
20 error npm  v3.10.10
21 error code ELIFECYCLE
22 error fse-chatroom@0.0.0 start: `node ./bin/www`
22 error Exit status 3221225786
23 error Failed at the fse-chatroom@0.0.0 start script 'node ./bin/www'.
23 error Make sure you have the latest version of node.js and npm installed.
23 error If you do, this is most likely a problem with the fse-chatroom package,
23 error not with npm itself.
23 error Tell the author that this fails on your system:
23 error     node ./bin/www
23 error You can get information on how to open an issue for this project with:
23 error     npm bugs fse-chatroom
23 error Or if that isn't available, you can get their info via:
23 error     npm owner ls fse-chatroom
23 error There is likely additional logging output above.
24 verbose exit [ 1, true ]
